
**** 10/22/25 23:13:28 *********** Evaluation PSpice (Nov 1999) **************

 * D:\Descargas\Santana, Jesus TEC200 1347 Practica 04\Santana, Jesus TEC200 1347 Practica 04 FA.sch


 ****     CIRCUIT DESCRIPTION


******************************************************************************




* Schematics Version 9.1 - Web Update 1
* Wed Oct 22 23:11:46 2025



** Analysis setup **
.tran 0ns 2560ns
.OP 


* From [PSPICE NETLIST] section of pspiceev.ini:
.lib "nom.lib"

.INC "Santana, Jesus TEC200 1347 Practica 04 FA.net"

**** INCLUDING "Santana, Jesus TEC200 1347 Practica 04 FA.net" ****
* Schematics Netlist *



X_HB2_U2         $N_0001 HB1_Cout S1 $G_DPWR $G_DGND 7486 PARAMS:
+ IO_LEVEL=0 MNTYMXDLY=0
X_HB2_U6         $N_0002 $N_0003 HB3_Cin $G_DPWR $G_DGND 7432 PARAMS:
+ IO_LEVEL=0 MNTYMXDLY=0
X_HB2_U1         A1 B1 $N_0001 $G_DPWR $G_DGND 7486 PARAMS:
+ IO_LEVEL=0 MNTYMXDLY=0
X_HB2_U3         A1 B1 $N_0002 $G_DPWR $G_DGND 7408 PARAMS:
+ IO_LEVEL=0 MNTYMXDLY=0
X_HB2_U5         A1 B1 $N_0004 $G_DPWR $G_DGND 7432 PARAMS:
+ IO_LEVEL=0 MNTYMXDLY=0
X_HB2_U4         $N_0004 HB1_Cout $N_0003 $G_DPWR $G_DGND 7408 PARAMS:
+ IO_LEVEL=0 MNTYMXDLY=0
X_HB3_U2         $N_0005 HB3_Cin S2 $G_DPWR $G_DGND 7486 PARAMS:
+ IO_LEVEL=0 MNTYMXDLY=0
X_HB3_U6         $N_0006 $N_0007 HB4_Cin $G_DPWR $G_DGND 7432 PARAMS:
+ IO_LEVEL=0 MNTYMXDLY=0
X_HB3_U1         A2 B2 $N_0005 $G_DPWR $G_DGND 7486 PARAMS:
+ IO_LEVEL=0 MNTYMXDLY=0
X_HB3_U3         A2 B2 $N_0006 $G_DPWR $G_DGND 7408 PARAMS:
+ IO_LEVEL=0 MNTYMXDLY=0
X_HB3_U5         A2 B2 $N_0008 $G_DPWR $G_DGND 7432 PARAMS:
+ IO_LEVEL=0 MNTYMXDLY=0
X_HB3_U4         $N_0008 HB3_Cin $N_0007 $G_DPWR $G_DGND 7408 PARAMS:
+ IO_LEVEL=0 MNTYMXDLY=0
X_HB4_U2         $N_0009 HB4_Cin S3 $G_DPWR $G_DGND 7486 PARAMS:
+ IO_LEVEL=0 MNTYMXDLY=0
X_HB4_U6         $N_0010 $N_0011 Cout $G_DPWR $G_DGND 7432 PARAMS:
+ IO_LEVEL=0 MNTYMXDLY=0
X_HB4_U1         A3 B3 $N_0009 $G_DPWR $G_DGND 7486 PARAMS:
+ IO_LEVEL=0 MNTYMXDLY=0
X_HB4_U3         A3 B3 $N_0010 $G_DPWR $G_DGND 7408 PARAMS:
+ IO_LEVEL=0 MNTYMXDLY=0
X_HB4_U5         A3 B3 $N_0012 $G_DPWR $G_DGND 7432 PARAMS:
+ IO_LEVEL=0 MNTYMXDLY=0
X_HB4_U4         $N_0012 HB4_Cin $N_0011 $G_DPWR $G_DGND 7408 PARAMS:
+ IO_LEVEL=0 MNTYMXDLY=0
X_HB1_U2         $N_0013 $D_LO S0 $G_DPWR $G_DGND 7486 PARAMS:
+ IO_LEVEL=0 MNTYMXDLY=0
X_HB1_U6         $N_0014 $N_0015 HB1_Cout $G_DPWR $G_DGND 7432 PARAMS:
+ IO_LEVEL=0 MNTYMXDLY=0
X_HB1_U1         A0 B0 $N_0013 $G_DPWR $G_DGND 7486 PARAMS:
+ IO_LEVEL=0 MNTYMXDLY=0
X_HB1_U3         A0 B0 $N_0014 $G_DPWR $G_DGND 7408 PARAMS:
+ IO_LEVEL=0 MNTYMXDLY=0
X_HB1_U5         A0 B0 $N_0016 $G_DPWR $G_DGND 7432 PARAMS:
+ IO_LEVEL=0 MNTYMXDLY=0
X_HB1_U4         $N_0016 $D_LO $N_0015 $G_DPWR $G_DGND 7408 PARAMS:
+ IO_LEVEL=0 MNTYMXDLY=0
U_DSTM1         STIM(8,11111111)
+ $G_DPWR $G_DGND
+ A3 A2 A1 A0 B3 B2 B1 B0 
+ IO_STM
+ IO_LEVEL=0
+ TIMESTEP=10us 
+ 0s 00000000  
+ label=bucle  
+ 1c incr by 00000001  
+ 2c goto bucle until ge 11111111 

**** RESUMING "Santana, Jesus TEC200 1347 Practica 04 FA.cir" ****
.INC "Santana, Jesus TEC200 1347 Practica 04 FA.als"



**** INCLUDING "Santana, Jesus TEC200 1347 Practica 04 FA.als" ****
* Schematics Aliases *

.ALIASES
_   HB2(Cin=HB1_Cout X=A1 Y=B1 Cout=HB3_Cin S=S1 )
X_HB2_U2          HB2.U2(A=$N_0001 B=HB1_Cout Y=S1 PWR=$G_DPWR GND=$G_DGND )
X_HB2_U6          HB2.U6(A=$N_0002 B=$N_0003 Y=HB3_Cin PWR=$G_DPWR GND=$G_DGND
+  )
X_HB2_U1          HB2.U1(A=A1 B=B1 Y=$N_0001 PWR=$G_DPWR GND=$G_DGND )
X_HB2_U3          HB2.U3(A=A1 B=B1 Y=$N_0002 PWR=$G_DPWR GND=$G_DGND )
X_HB2_U5          HB2.U5(A=A1 B=B1 Y=$N_0004 PWR=$G_DPWR GND=$G_DGND )
X_HB2_U4          HB2.U4(A=$N_0004 B=HB1_Cout Y=$N_0003 PWR=$G_DPWR GND=$G_DGND
+  )
_   HB3(Cin=HB3_Cin X=A2 Y=B2 Cout=HB4_Cin S=S2 )
X_HB3_U2          HB3.U2(A=$N_0005 B=HB3_Cin Y=S2 PWR=$G_DPWR GND=$G_DGND )
X_HB3_U6          HB3.U6(A=$N_0006 B=$N_0007 Y=HB4_Cin PWR=$G_DPWR GND=$G_DGND
+  )
X_HB3_U1          HB3.U1(A=A2 B=B2 Y=$N_0005 PWR=$G_DPWR GND=$G_DGND )
X_HB3_U3          HB3.U3(A=A2 B=B2 Y=$N_0006 PWR=$G_DPWR GND=$G_DGND )
X_HB3_U5          HB3.U5(A=A2 B=B2 Y=$N_0008 PWR=$G_DPWR GND=$G_DGND )
X_HB3_U4          HB3.U4(A=$N_0008 B=HB3_Cin Y=$N_0007 PWR=$G_DPWR GND=$G_DGND
+  )
_   HB4(Cin=HB4_Cin X=A3 Y=B3 Cout=Cout S=S3 )
X_HB4_U2          HB4.U2(A=$N_0009 B=HB4_Cin Y=S3 PWR=$G_DPWR GND=$G_DGND )
X_HB4_U6          HB4.U6(A=$N_0010 B=$N_0011 Y=Cout PWR=$G_DPWR GND=$G_DGND )
X_HB4_U1          HB4.U1(A=A3 B=B3 Y=$N_0009 PWR=$G_DPWR GND=$G_DGND )
X_HB4_U3          HB4.U3(A=A3 B=B3 Y=$N_0010 PWR=$G_DPWR GND=$G_DGND )
X_HB4_U5          HB4.U5(A=A3 B=B3 Y=$N_0012 PWR=$G_DPWR GND=$G_DGND )
X_HB4_U4          HB4.U4(A=$N_0012 B=HB4_Cin Y=$N_0011 PWR=$G_DPWR GND=$G_DGND
+  )
_   HB1(Cin=$D_LO X=A0 Y=B0 Cout=HB1_Cout S=S0 )
X_HB1_U2          HB1.U2(A=$N_0013 B=$D_LO Y=S0 PWR=$G_DPWR GND=$G_DGND )
X_HB1_U6          HB1.U6(A=$N_0014 B=$N_0015 Y=HB1_Cout PWR=$G_DPWR GND=$G_DGND
+  )
X_HB1_U1          HB1.U1(A=A0 B=B0 Y=$N_0013 PWR=$G_DPWR GND=$G_DGND )
X_HB1_U3          HB1.U3(A=A0 B=B0 Y=$N_0014 PWR=$G_DPWR GND=$G_DGND )
X_HB1_U5          HB1.U5(A=A0 B=B0 Y=$N_0016 PWR=$G_DPWR GND=$G_DGND )
X_HB1_U4          HB1.U4(A=$N_0016 B=$D_LO Y=$N_0015 PWR=$G_DPWR GND=$G_DGND )
U_DSTM1          DSTM1(PIN0=A3 PIN1=A2 PIN2=A1 PIN3=A0 PIN4=B3 PIN5=B2 PIN6=B1
+  PIN7=B0 )
_    _(S1=S1)
_    _(HB2.S=S1)
_    _(A1=A1)
_    _(HB2.X=A1)
_    _(B1=B1)
_    _(HB2.Y=B1)
_    _(HB3.Cin=HB3_Cin)
_    _(HB2.Cout=HB3_Cin)
_    _(S2=S2)
_    _(HB3.S=S2)
_    _(A2=A2)
_    _(HB3.X=A2)
_    _(B2=B2)
_    _(HB3.Y=B2)
_    _(HB4.Cin=HB4_Cin)
_    _(HB3.Cout=HB4_Cin)
_    _(S3=S3)
_    _(HB4.S=S3)
_    _(Cout=Cout)
_    _(HB4.Cout=Cout)
_    _(A3=A3)
_    _(HB4.X=A3)
_    _(B3=B3)
_    _(HB4.Y=B3)
_    _(HB1.Cin=$D_LO)
_    _(S0=S0)
_    _(HB1.S=S0)
_    _(HB1.Cout=HB1_Cout)
_    _(HB2.Cin=HB1_Cout)
_    _(A0=A0)
_    _(HB1.X=A0)
_    _(B0=B0)
_    _(HB1.Y=B0)
_    _($G_DPWR=$G_DPWR)
_    _($G_DGND=$G_DGND)
.ENDALIASES


**** RESUMING "Santana, Jesus TEC200 1347 Practica 04 FA.cir" ****
.probe


.END

**** 10/22/25 23:13:28 *********** Evaluation PSpice (Nov 1999) **************

 * D:\Descargas\Santana, Jesus TEC200 1347 Practica 04\Santana, Jesus TEC200 1347 Practica 04 FA.sch


 ****     Digital Gate MODEL PARAMETERS


******************************************************************************




               D0_GATE         D_86_1          D_86_2          D_86_3          
      TPLHMN    0               3.600000E-09    4.800000E-09    2.400000E-09 
      TPLHTY    0               9.000000E-09   12.000000E-09    6.000000E-09 
      TPLHMX    0              17.000000E-09   24.000000E-09    6.000000E-09 
      TPHLMN    0               2.000000E-09    2.800000E-09    2.400000E-09 
      TPHLTY    0               5.000000E-09    7.000000E-09    6.000000E-09 
      TPHLMX    0              11.000000E-09   16.000000E-09    6.000000E-09 


               D_32            D_08            
      TPLHMN    4.000000E-09    7.000000E-09 
      TPLHTY   10.000000E-09   17.500000E-09 
      TPLHMX   15.000000E-09   27.000000E-09 
      TPHLMN    5.600000E-09    4.800000E-09 
      TPHLTY   14.000000E-09   12.000000E-09 
      TPHLMX   22.000000E-09   19.000000E-09 


**** 10/22/25 23:13:28 *********** Evaluation PSpice (Nov 1999) **************

 * D:\Descargas\Santana, Jesus TEC200 1347 Practica 04\Santana, Jesus TEC200 1347 Practica 04 FA.sch


 ****     Digital IO  MODEL PARAMETERS


******************************************************************************




               IO_STM          IO_STD          
        DRVL    0             104            
        DRVH    0              96.4          
       AtoD1                 AtoD_STD        
       AtoD2                 AtoD_STD_NX     
       AtoD3                 AtoD_STD        
       AtoD4                 AtoD_STD_NX     
       DtoA1 DtoA_STM        DtoA_STD        
       DtoA2 DtoA_STM        DtoA_STD        
       DtoA3 DtoA_STM        DtoA_STD        
       DtoA4 DtoA_STM        DtoA_STD        
      TSWHL1                    1.373000E-09 
      TSWHL2                    1.346000E-09 
      TSWHL3                    1.511000E-09 
      TSWHL4                    1.487000E-09 
      TSWLH1                    3.382000E-09 
      TSWLH2                    3.424000E-09 
      TSWLH3                    3.517000E-09 
      TSWLH4                    3.564000E-09 
       TPWRT  100.000000E+03  100.000000E+03 


WARNING -- No analog devices -- Small-Signal analysis ignored

          JOB CONCLUDED

          TOTAL JOB TIME             .02
